logDefer2023/04/17 23:01:27 --log1------
logDefer2023/04/17 23:01:27 0
logDefer2023/04/17 23:01:27 1
logDefer2023/04/17 23:01:27 2
logDefer2023/04/17 23:01:27 3
logDefer2023/04/17 23:01:27 4
logDefer2023/04/17 23:01:27 5
logDefer2023/04/17 23:01:27 6
logDefer2023/04/17 23:01:27 7
logDefer2023/04/17 23:01:27 8
logDefer2023/04/17 23:01:27 9
logDefer2023/04/17 23:01:27 --log1-----
logDefer2023/04/17 23:01:27 log2------
logDefer2023/04/17 23:01:27 0
logDefer2023/04/17 23:01:27 1
logDefer2023/04/17 23:01:27 2
logDefer2023/04/17 23:01:27 3
logDefer2023/04/17 23:01:27 4
logDefer2023/04/17 23:01:27 5
logDefer2023/04/17 23:01:27 6
logDefer2023/04/17 23:01:27 7
logDefer2023/04/17 23:01:27 8
logDefer2023/04/17 23:01:27 9
logDefer2023/04/17 23:01:27 ------log2
logDefer2023/04/17 23:03:58 Start logging.....
logDefer2023/04/17 23:03:58 --log1------
logDefer2023/04/17 23:03:58 0
logDefer2023/04/17 23:03:58 1
logDefer2023/04/17 23:03:58 2
logDefer2023/04/17 23:03:58 3
logDefer2023/04/17 23:03:58 4
logDefer2023/04/17 23:03:58 5
logDefer2023/04/17 23:03:58 6
logDefer2023/04/17 23:03:58 7
logDefer2023/04/17 23:03:58 8
logDefer2023/04/17 23:03:58 9
logDefer2023/04/17 23:03:58 --log1-----
logDefer2023/04/17 23:03:58 log2------
logDefer2023/04/17 23:03:58 0
logDefer2023/04/17 23:03:58 1
logDefer2023/04/17 23:03:58 2
logDefer2023/04/17 23:03:58 3
logDefer2023/04/17 23:03:58 4
logDefer2023/04/17 23:03:58 5
logDefer2023/04/17 23:03:58 6
logDefer2023/04/17 23:03:58 7
logDefer2023/04/17 23:03:58 8
logDefer2023/04/17 23:03:58 9
logDefer2023/04/17 23:03:58 ------log2
logDefer2023/04/17 23:05:45 Start logging.....
logDefer2023/04/17 23:05:45 --log1------
logDefer2023/04/17 23:05:45 0
logDefer2023/04/17 23:05:45 1
logDefer2023/04/17 23:05:45 2
logDefer2023/04/17 23:05:45 3
logDefer2023/04/17 23:05:45 4
logDefer2023/04/17 23:05:45 5
logDefer2023/04/17 23:05:45 6
logDefer2023/04/17 23:05:45 7
logDefer2023/04/17 23:05:45 8
logDefer2023/04/17 23:05:45 9
logDefer2023/04/17 23:05:45 --log1-----
logDefer2023/04/17 23:05:45 log2------
logDefer2023/04/17 23:05:45 0
logDefer2023/04/17 23:05:45 1
logDefer2023/04/17 23:05:45 2
logDefer2023/04/17 23:05:45 3
logDefer2023/04/17 23:05:45 4
logDefer2023/04/17 23:05:45 5
logDefer2023/04/17 23:05:45 6
logDefer2023/04/17 23:05:45 7
logDefer2023/04/17 23:05:45 8
logDefer2023/04/17 23:05:45 9
logDefer2023/04/17 23:05:45 ------log2
